<?xml version="1.0" encoding="UTF-8"?>
<!-- Generated by org.testng.reporters.JUnitXMLReporter -->
<testsuite ignored="2" hostname="MacBook-Pro-Olga.local" failures="1" tests="1" name="Surefire test" time="11.929" errors="0" timestamp="2020-11-29T19:12:08 EET">
  <testcase classname="maven.example.addComputer.AddComputerTest" name="addNewComputer" time="11.695">
    <failure type="java.lang.AssertionError" message="computer not found did not expect to find [true] but found [false]">
      <![CDATA[java.lang.AssertionError: computer not found did not expect to find [true] but found [false]
at maven.example.addComputer.AddComputerTest.addNewComputer(AddComputerTest.java:38)
at java.base/java.util.ArrayList.forEach(ArrayList.java:1511)
... Removed 35 stack frames]]>
    </failure>
  </testcase> <!-- addNewComputer -->
  <testcase classname="maven.example.BasePageTest" name="@AfterSuite tearDown" time="0.0">
    <ignored/>
  </testcase> <!-- @AfterSuite tearDown -->
  <testcase classname="maven.example.BasePageTest" name="@BeforeSuite setUP" time="0.0">
    <ignored/>
  </testcase> <!-- @BeforeSuite setUP -->
</testsuite> <!-- Surefire test -->
